
Showing logs for build [32mcb-kubecd-environment-pr-1208-4-95bvj-1[0m stage [32mfrom-build-pack[0m and container [32mstep-credential-initializer-xsc8g[0m
{"level":"warn","ts":1581934694.811709,"logger":"fallback-logger","caller":"logging/config.go:69","msg":"Fetch GitHub commit ID from kodata failed: \"ref: refs/heads/0.8.0-**-support-backwards-incompats\" is not a valid GitHub commit ID"}
{"level":"info","ts":1581934694.812375,"logger":"fallback-logger","caller":"creds-init/main.go:40","msg":"Credentials initialized."}

Showing logs for build [32mcb-kubecd-environment-pr-1208-4-95bvj-1[0m stage [32mfrom-build-pack[0m and container [32mstep-working-dir-initializer-4j6pc[0m
{"level":"warn","ts":1581934695.816722,"logger":"fallback-logger","caller":"logging/config.go:69","msg":"Fetch GitHub commit ID from kodata failed: open /var/run/ko/HEAD: no such file or directory"}
{"level":"info","ts":1581934695.8190162,"logger":"fallback-logger","caller":"bash/main.go:64","msg":"Successfully executed command \"sh -c mkdir -p /workspace/source\"; output "}

Showing logs for build [32mcb-kubecd-environment-pr-1208-4-95bvj-1[0m stage [32mfrom-build-pack[0m and container [32mstep-place-tools[0m

Showing logs for build [32mcb-kubecd-environment-pr-1208-4-95bvj-1[0m stage [32mfrom-build-pack[0m and container [32mstep-git-source-cb-kubecd-environment-pr-1208-4-95bvj-k7l8z[0m
{"level":"warn","ts":1581934700.9539356,"logger":"fallback-logger","caller":"logging/config.go:69","msg":"Fetch GitHub commit ID from kodata failed: \"ref: refs/heads/0.8.0-**-support-backwards-incompats\" is not a valid GitHub commit ID"}
{"level":"info","ts":1581934701.9973671,"logger":"fallback-logger","caller":"git/git.go:103","msg":"Successfully cloned https://github.com/cb-kubecd/environment-pr-1208-4-bdd-frontend-staging.git @ master in path /workspace/source"}

Showing logs for build [32mcb-kubecd-environment-pr-1208-4-95bvj-1[0m stage [32mfrom-build-pack[0m and container [32mstep-git-merge[0m
Using SHAs from PULL_REFS=master:72659026a2f6d15729f3bcc928c60161e334282b,1:748f6ede39ec4e72dceb4a18a6f779bc99b9a4e3
DEBUG: LC_ALL=C JX_LOG_LEVEL=error git fetch origin --unshallow 748f6ede39ec4e72dceb4a18a6f779bc99b9a4e3: 72659026a2f6d15729f3bcc928c60161e334282b:
DEBUG: ran git fetch --unshallow origin 748f6ede39ec4e72dceb4a18a6f779bc99b9a4e3: 72659026a2f6d15729f3bcc928c60161e334282b: in 
DEBUG: LC_ALL=C JX_LOG_LEVEL=error git branch
DEBUG: LC_ALL=C JX_LOG_LEVEL=error git checkout master
DEBUG: ran git checkout master in 
DEBUG: LC_ALL=C JX_LOG_LEVEL=error git reset --hard 72659026a2f6d15729f3bcc928c60161e334282b
DEBUG: ran git reset --hard 72659026a2f6d15729f3bcc928c60161e334282b in 
DEBUG: JX_LOG_LEVEL=error LC_ALL=C git clean -fd .
DEBUG: ran clean --force -d . in 
DEBUG: LC_ALL=C JX_LOG_LEVEL=error git merge 748f6ede39ec4e72dceb4a18a6f779bc99b9a4e3
DEBUG: ran git merge 748f6ede39ec4e72dceb4a18a6f779bc99b9a4e3 in 
DEBUG: LC_ALL=C JX_LOG_LEVEL=error git log --format=%H%x1f%an%x1f%ae%x1f%cn%x1f%ce%x1f%s%n%b%x1e 72659026a2f6d15729f3bcc928c60161e334282b..HEAD
Merged SHA 748f6ede39ec4e72dceb4a18a6f779bc99b9a4e3 with commit message 'chore: Promote bdd-nh-1581933888 to version 0.0.1' into base branch master

Showing logs for build [32mcb-kubecd-environment-pr-1208-4-95bvj-1[0m stage [32mfrom-build-pack[0m and container [32mstep-build-helm-build[0m
WARNING: No $CHART_REPOSITORY defined so using the default value of: http://jenkins-x-chartmuseum:8080
Adding missing Helm repo: storage.googleapis.com https://storage.googleapis.com/chartmuseum.jenkins-x.io
WARNING: No secrets found on "helm/repos" due: reading the secret "helm/repos" from vault: no secret "helm/repos" not found in vault
Read credentials for https://storage.googleapis.com/chartmuseum.jenkins-x.io from vault helm/repos
Successfully added Helm repository storage.googleapis.com.
Adding missing Helm repo: jenkins-x-chartmuseum http://jenkins-x-chartmuseum:8080
WARNING: No secrets found on "helm/repos" due: reading the secret "helm/repos" from vault: no secret "helm/repos" not found in vault
Read credentials for http://jenkins-x-chartmuseum:8080 from vault helm/repos
Successfully added Helm repository jenkins-x-chartmuseum.
WARNING: No $CHART_REPOSITORY defined so using the default value of: http://jenkins-x-chartmuseum:8080
Adding missing Helm repo: chartmuseum.jenkins-x.io http://chartmuseum.jenkins-x.io
WARNING: No secrets found on "helm/repos" due: reading the secret "helm/repos" from vault: no secret "helm/repos" not found in vault
Read credentials for http://chartmuseum.jenkins-x.io from vault helm/repos
Successfully added Helm repository chartmuseum.jenkins-x.io.
